{"/Users/alisherbegmatov/Documents/Code/Make School/Term 4/FEW 2.1/date-lib/src/utils.js": {"path":"/Users/alisherbegmatov/Documents/Code/Make School/Term 4/FEW 2.1/date-lib/src/utils.js","statementMap":{"0":{"start":{"line":1,"column":15},"end":{"line":1,"column":137}},"1":{"start":{"line":2,"column":13},"end":{"line":2,"column":97}},"2":{"start":{"line":3,"column":13},"end":{"line":3,"column":91}},"3":{"start":{"line":4,"column":12},"end":{"line":4,"column":61}},"4":{"start":{"line":6,"column":0},"end":{"line":11,"column":1}}},"fnMap":{},"branchMap":{},"s":{"0":1,"1":1,"2":1,"3":1,"4":1},"f":{},"b":{},"_coverageSchema":"1a1c01bbd47fc00a2c39e90264f33305004495a9","hash":"0e018c1c352e5be3cae96be8ec2f621c73c326c9"}
,"/Users/alisherbegmatov/Documents/Code/Make School/Term 4/FEW 2.1/date-lib/umd/date-lib.js": {"path":"/Users/alisherbegmatov/Documents/Code/Make School/Term 4/FEW 2.1/date-lib/umd/date-lib.js","statementMap":{"0":{"start":{"line":1,"column":0},"end":{"line":1,"column":1760}},"1":{"start":{"line":1,"column":13},"end":{"line":1,"column":64}},"2":{"start":{"line":1,"column":127},"end":{"line":1,"column":150}},"3":{"start":{"line":1,"column":177},"end":{"line":1,"column":202}},"4":{"start":{"line":1,"column":214},"end":{"line":1,"column":245}},"5":{"start":{"line":1,"column":255},"end":{"line":1,"column":355}},"6":{"start":{"line":1,"column":368},"end":{"line":1,"column":399}},"7":{"start":{"line":1,"column":410},"end":{"line":1,"column":441}},"8":{"start":{"line":1,"column":452},"end":{"line":1,"column":481}},"9":{"start":{"line":1,"column":491},"end":{"line":1,"column":520}},"10":{"start":{"line":1,"column":532},"end":{"line":1,"column":559}},"11":{"start":{"line":1,"column":572},"end":{"line":1,"column":652}},"12":{"start":{"line":1,"column":663},"end":{"line":1,"column":691}},"13":{"start":{"line":1,"column":706},"end":{"line":1,"column":792}},"14":{"start":{"line":1,"column":804},"end":{"line":1,"column":834}},"15":{"start":{"line":1,"column":849},"end":{"line":1,"column":935}},"16":{"start":{"line":1,"column":947},"end":{"line":1,"column":977}},"17":{"start":{"line":1,"column":1008},"end":{"line":1,"column":1166}},"18":{"start":{"line":1,"column":1173},"end":{"line":1,"column":1175}},"19":{"start":{"line":1,"column":1176},"end":{"line":1,"column":1239}},"20":{"start":{"line":1,"column":1186},"end":{"line":1,"column":1187}},"21":{"start":{"line":1,"column":1203},"end":{"line":1,"column":1239}},"22":{"start":{"line":1,"column":1239},"end":{"line":1,"column":1247}},"23":{"start":{"line":1,"column":1263},"end":{"line":1,"column":1268}},"24":{"start":{"line":1,"column":1271},"end":{"line":1,"column":1287}},"25":{"start":{"line":1,"column":1290},"end":{"line":1,"column":1335}},"26":{"start":{"line":1,"column":1338},"end":{"line":1,"column":1374}},"27":{"start":{"line":1,"column":1377},"end":{"line":1,"column":1422}},"28":{"start":{"line":1,"column":1423},"end":{"line":1,"column":1738}},"29":{"start":{"line":1,"column":1740},"end":{"line":1,"column":1756}}},"fnMap":{"0":{"name":"(anonymous_0)","decl":{"start":{"line":1,"column":1},"end":{"line":1,"column":2}},"loc":{"start":{"line":1,"column":12},"end":{"line":1,"column":65}},"line":1},"1":{"name":"(anonymous_1)","decl":{"start":{"line":1,"column":67},"end":{"line":1,"column":68}},"loc":{"start":{"line":1,"column":77},"end":{"line":1,"column":1757}},"line":1},"2":{"name":"(anonymous_2)","decl":{"start":{"line":1,"column":159},"end":{"line":1,"column":160}},"loc":{"start":{"line":1,"column":176},"end":{"line":1,"column":203}},"line":1},"3":{"name":"(anonymous_3)","decl":{"start":{"line":1,"column":203},"end":{"line":1,"column":204}},"loc":{"start":{"line":1,"column":213},"end":{"line":1,"column":246}},"line":1},"4":{"name":"(anonymous_4)","decl":{"start":{"line":1,"column":246},"end":{"line":1,"column":247}},"loc":{"start":{"line":1,"column":254},"end":{"line":1,"column":356}},"line":1},"5":{"name":"(anonymous_5)","decl":{"start":{"line":1,"column":356},"end":{"line":1,"column":357}},"loc":{"start":{"line":1,"column":367},"end":{"line":1,"column":400}},"line":1},"6":{"name":"(anonymous_6)","decl":{"start":{"line":1,"column":400},"end":{"line":1,"column":401}},"loc":{"start":{"line":1,"column":409},"end":{"line":1,"column":442}},"line":1},"7":{"name":"(anonymous_7)","decl":{"start":{"line":1,"column":442},"end":{"line":1,"column":443}},"loc":{"start":{"line":1,"column":451},"end":{"line":1,"column":482}},"line":1},"8":{"name":"(anonymous_8)","decl":{"start":{"line":1,"column":482},"end":{"line":1,"column":483}},"loc":{"start":{"line":1,"column":490},"end":{"line":1,"column":521}},"line":1},"9":{"name":"(anonymous_9)","decl":{"start":{"line":1,"column":521},"end":{"line":1,"column":522}},"loc":{"start":{"line":1,"column":531},"end":{"line":1,"column":560}},"line":1},"10":{"name":"(anonymous_10)","decl":{"start":{"line":1,"column":560},"end":{"line":1,"column":561}},"loc":{"start":{"line":1,"column":571},"end":{"line":1,"column":653}},"line":1},"11":{"name":"(anonymous_11)","decl":{"start":{"line":1,"column":653},"end":{"line":1,"column":654}},"loc":{"start":{"line":1,"column":662},"end":{"line":1,"column":692}},"line":1},"12":{"name":"(anonymous_12)","decl":{"start":{"line":1,"column":692},"end":{"line":1,"column":693}},"loc":{"start":{"line":1,"column":705},"end":{"line":1,"column":793}},"line":1},"13":{"name":"(anonymous_13)","decl":{"start":{"line":1,"column":793},"end":{"line":1,"column":794}},"loc":{"start":{"line":1,"column":803},"end":{"line":1,"column":835}},"line":1},"14":{"name":"(anonymous_14)","decl":{"start":{"line":1,"column":835},"end":{"line":1,"column":836}},"loc":{"start":{"line":1,"column":848},"end":{"line":1,"column":936}},"line":1},"15":{"name":"(anonymous_15)","decl":{"start":{"line":1,"column":936},"end":{"line":1,"column":937}},"loc":{"start":{"line":1,"column":946},"end":{"line":1,"column":978}},"line":1},"16":{"name":"(anonymous_16)","decl":{"start":{"line":1,"column":978},"end":{"line":1,"column":979}},"loc":{"start":{"line":1,"column":999},"end":{"line":1,"column":1248}},"line":1},"17":{"name":"(anonymous_17)","decl":{"start":{"line":1,"column":1248},"end":{"line":1,"column":1249}},"loc":{"start":{"line":1,"column":1254},"end":{"line":1,"column":1739}},"line":1}},"branchMap":{"0":{"loc":{"start":{"line":1,"column":13},"end":{"line":1,"column":64}},"type":"cond-expr","locations":[{"start":{"line":1,"column":51},"end":{"line":1,"column":60}},{"start":{"line":1,"column":61},"end":{"line":1,"column":64}}],"line":1},"1":{"loc":{"start":{"line":1,"column":13},"end":{"line":1,"column":50}},"type":"binary-expr","locations":[{"start":{"line":1,"column":13},"end":{"line":1,"column":38}},{"start":{"line":1,"column":40},"end":{"line":1,"column":50}}],"line":1},"2":{"loc":{"start":{"line":1,"column":262},"end":{"line":1,"column":355}},"type":"cond-expr","locations":[{"start":{"line":1,"column":294},"end":{"line":1,"column":326}},{"start":{"line":1,"column":327},"end":{"line":1,"column":355}}],"line":1},"3":{"loc":{"start":{"line":1,"column":578},"end":{"line":1,"column":652}},"type":"cond-expr","locations":[{"start":{"line":1,"column":605},"end":{"line":1,"column":630}},{"start":{"line":1,"column":631},"end":{"line":1,"column":652}}],"line":1},"4":{"loc":{"start":{"line":1,"column":712},"end":{"line":1,"column":792}},"type":"cond-expr","locations":[{"start":{"line":1,"column":741},"end":{"line":1,"column":768}},{"start":{"line":1,"column":769},"end":{"line":1,"column":792}}],"line":1},"5":{"loc":{"start":{"line":1,"column":855},"end":{"line":1,"column":935}},"type":"cond-expr","locations":[{"start":{"line":1,"column":884},"end":{"line":1,"column":911}},{"start":{"line":1,"column":912},"end":{"line":1,"column":935}}],"line":1},"6":{"loc":{"start":{"line":1,"column":985},"end":{"line":1,"column":998}},"type":"default-arg","locations":[{"start":{"line":1,"column":987},"end":{"line":1,"column":998}}],"line":1},"7":{"loc":{"start":{"line":1,"column":1203},"end":{"line":1,"column":1238}},"type":"cond-expr","locations":[{"start":{"line":1,"column":1220},"end":{"line":1,"column":1227}},{"start":{"line":1,"column":1228},"end":{"line":1,"column":1238}}],"line":1},"8":{"loc":{"start":{"line":1,"column":1430},"end":{"line":1,"column":1738}},"type":"cond-expr","locations":[{"start":{"line":1,"column":1435},"end":{"line":1,"column":1466}},{"start":{"line":1,"column":1467},"end":{"line":1,"column":1738}}],"line":1},"9":{"loc":{"start":{"line":1,"column":1467},"end":{"line":1,"column":1738}},"type":"cond-expr","locations":[{"start":{"line":1,"column":1473},"end":{"line":1,"column":1510}},{"start":{"line":1,"column":1511},"end":{"line":1,"column":1738}}],"line":1},"10":{"loc":{"start":{"line":1,"column":1511},"end":{"line":1,"column":1738}},"type":"cond-expr","locations":[{"start":{"line":1,"column":1515},"end":{"line":1,"column":1547}},{"start":{"line":1,"column":1548},"end":{"line":1,"column":1738}}],"line":1},"11":{"loc":{"start":{"line":1,"column":1548},"end":{"line":1,"column":1738}},"type":"cond-expr","locations":[{"start":{"line":1,"column":1552},"end":{"line":1,"column":1590}},{"start":{"line":1,"column":1591},"end":{"line":1,"column":1738}}],"line":1},"12":{"loc":{"start":{"line":1,"column":1591},"end":{"line":1,"column":1738}},"type":"cond-expr","locations":[{"start":{"line":1,"column":1596},"end":{"line":1,"column":1636}},{"start":{"line":1,"column":1637},"end":{"line":1,"column":1738}}],"line":1},"13":{"loc":{"start":{"line":1,"column":1637},"end":{"line":1,"column":1738}},"type":"cond-expr","locations":[{"start":{"line":1,"column":1643},"end":{"line":1,"column":1679}},{"start":{"line":1,"column":1680},"end":{"line":1,"column":1738}}],"line":1}},"s":{"0":1,"1":1,"2":1,"3":10,"4":5,"5":3,"6":3,"7":3,"8":3,"9":3,"10":3,"11":3,"12":3,"13":4,"14":3,"15":3,"16":3,"17":2,"18":2,"19":2,"20":2,"21":46,"22":2,"23":1,"24":1,"25":1,"26":1,"27":1,"28":1,"29":1},"f":{"0":1,"1":1,"2":10,"3":5,"4":3,"5":3,"6":3,"7":3,"8":3,"9":3,"10":3,"11":3,"12":4,"13":3,"14":3,"15":3,"16":2,"17":1},"b":{"0":[0,1],"1":[1,0],"2":[0,3],"3":[2,1],"4":[3,1],"5":[2,1],"6":[1],"7":[29,17],"8":[0,1],"9":[0,1],"10":[0,1],"11":[0,1],"12":[1,0],"13":[0,0]},"_coverageSchema":"1a1c01bbd47fc00a2c39e90264f33305004495a9","hash":"54e1187953e9b87a4fdd312f58ae308927d73bdb"}
}
